date: 2013-09-16 23:08:25.499
argv: node /usr/local/bin/hexo new scala-for-the-impatient
os: Linux 3.2.0-23-generic linux x64
version:
  hexo: 2.1.1
  http_parser: 1.0
  node: 0.10.18
  v8: 3.14.5.9
  ares: 1.9.0-DEV
  uv: 0.10.15
  zlib: 1.2.3
  modules: 11
  openssl: 1.0.1e
---

[error] 23:08:25.485 TypeError: Cannot call method 'create' of undefined
TypeError: Cannot call method 'create' of undefined
    at module.exports (/usr/local/lib/node_modules/hexo/lib/plugins/console/new.js:13:13)
    at /usr/local/lib/node_modules/hexo/lib/core.js:118:9
    at b (domain.js:183:18)
    at Domain.run (domain.js:123:23)
    at Hexo.call (/usr/local/lib/node_modules/hexo/lib/core.js:117:9)
    at /usr/local/lib/node_modules/hexo/lib/init.js:263:10
    at /usr/local/lib/node_modules/hexo/node_modules/async/lib/async.js:422:17
    at /usr/local/lib/node_modules/hexo/node_modules/async/lib/async.js:416:17
    at Array.forEach (native)
    at _each (/usr/local/lib/node_modules/hexo/node_modules/async/lib/async.js:32:24)
